TN:
SF:app.js
FN:29,(anonymous_0)
FN:33,(anonymous_1)
FN:49,(anonymous_2)
FNF:3
FNH:0
FNDA:0,(anonymous_0)
FNDA:0,(anonymous_1)
FNDA:0,(anonymous_2)
DA:1,2
DA:2,2
DA:3,2
DA:4,2
DA:6,2
DA:7,2
DA:9,2
DA:13,2
DA:16,2
DA:19,2
DA:20,2
DA:21,2
DA:22,2
DA:25,2
DA:26,2
DA:29,2
DA:30,0
DA:33,2
DA:35,0
DA:36,0
DA:39,0
DA:40,0
DA:44,2
DA:45,0
DA:49,0
DA:50,0
DA:54,2
LF:27
LH:19
BRDA:36,0,0,0
BRDA:36,0,1,0
BRDA:39,1,0,0
BRDA:39,1,1,0
BRDA:44,2,0,0
BRDA:44,2,1,2
BRDA:45,3,0,0
BRDA:45,3,1,0
BRF:8
BRH:1
end_of_record
TN:
SF:config\database.js
FN:5,(anonymous_0)
FNF:1
FNH:1
FNDA:2,(anonymous_0)
DA:1,2
DA:3,2
DA:5,2
DA:6,2
DA:7,2
DA:8,2
DA:10,0
DA:14,2
LF:8
LH:7
BRF:0
BRH:0
end_of_record
TN:
SF:middlewares\auth.js
FN:3,(anonymous_0)
FN:6,(anonymous_1)
FNF:2
FNH:2
FNDA:8,(anonymous_0)
FNDA:8,(anonymous_1)
DA:1,2
DA:3,2
DA:4,8
DA:5,8
DA:6,8
DA:7,8
DA:8,1
DA:10,7
DA:11,7
LF:9
LH:9
BRDA:7,0,0,1
BRDA:7,0,1,7
BRF:2
BRH:2
end_of_record
TN:
SF:models\Seance.js
FNF:0
FNH:0
DA:1,2
DA:3,2
DA:33,2
LF:3
LH:3
BRF:0
BRH:0
end_of_record
TN:
SF:models\User.js
FN:25,(anonymous_0)
FN:35,(anonymous_1)
FN:36,(anonymous_2)
FNF:3
FNH:3
FNDA:10,(anonymous_0)
FNDA:2,(anonymous_1)
FNDA:2,(anonymous_2)
DA:1,2
DA:2,2
DA:4,2
DA:25,2
DA:27,10
DA:28,10
DA:29,10
DA:30,10
DA:31,10
DA:35,2
DA:36,2
DA:37,2
DA:38,2
DA:42,2
LF:14
LH:14
BRDA:28,0,0,0
BRDA:28,0,1,10
BRDA:37,1,0,0
BRDA:37,1,1,2
BRF:4
BRH:2
end_of_record
TN:
SF:routes\seances.js
FN:7,(anonymous_0)
FNF:1
FNH:1
FNDA:7,(anonymous_0)
DA:1,2
DA:2,2
DA:3,2
DA:4,2
DA:5,2
DA:6,2
DA:7,2
DA:8,7
DA:9,7
DA:10,7
DA:13,7
DA:14,1
DA:15,6
DA:16,1
DA:19,5
DA:20,1
DA:21,4
DA:22,1
DA:23,3
DA:24,0
DA:27,3
DA:28,1
DA:29,2
DA:30,0
DA:31,2
DA:32,0
DA:35,2
DA:36,1
DA:37,1
DA:38,0
DA:39,1
DA:40,0
DA:44,1
DA:45,1
DA:46,0
DA:50,1
DA:51,1
DA:54,1
DA:56,0
DA:57,0
DA:61,2
LF:41
LH:33
BRDA:13,0,0,1
BRDA:13,0,1,6
BRDA:15,1,0,1
BRDA:15,1,1,5
BRDA:19,2,0,1
BRDA:19,2,1,4
BRDA:21,3,0,1
BRDA:21,3,1,3
BRDA:23,4,0,0
BRDA:23,4,1,3
BRDA:27,5,0,1
BRDA:27,5,1,2
BRDA:29,6,0,0
BRDA:29,6,1,2
BRDA:31,7,0,0
BRDA:31,7,1,2
BRDA:35,8,0,1
BRDA:35,8,1,1
BRDA:37,9,0,0
BRDA:37,9,1,1
BRDA:39,10,0,0
BRDA:39,10,1,1
BRDA:45,11,0,0
BRDA:45,11,1,1
BRF:24
BRH:18
end_of_record
TN:
SF:routes\users.js
FN:6,(anonymous_0)
FN:17,(anonymous_1)
FN:25,(anonymous_2)
FN:30,(anonymous_3)
FN:35,(anonymous_4)
FNF:5
FNH:5
FNDA:3,(anonymous_0)
FNDA:1,(anonymous_1)
FNDA:3,(anonymous_2)
FNDA:3,(anonymous_3)
FNDA:2,(anonymous_4)
DA:1,2
DA:2,2
DA:3,2
DA:4,2
DA:6,2
DA:7,3
DA:9,3
DA:10,3
DA:11,1
DA:13,2
DA:14,1
DA:16,1
DA:18,1
DA:25,2
DA:26,3
DA:28,3
DA:31,3
DA:32,1
DA:35,2
DA:36,2
DA:37,1
DA:39,1
DA:40,1
DA:46,2
LF:24
LH:24
BRDA:10,0,0,1
BRDA:10,0,1,2
BRDA:13,1,0,1
BRDA:13,1,1,1
BRDA:31,2,0,1
BRDA:31,2,1,2
BRDA:36,3,0,1
BRDA:36,3,1,1
BRF:8
BRH:8
end_of_record
